c:\users\brent\source\repos\program 3 - dijkstra's algorithm\debug\vc142.pdb
c:\users\brent\source\repos\program 3 - dijkstra's algorithm\debug\vc142.idb
c:\users\brent\source\repos\program 3 - dijkstra's algorithm\debug\vertex.obj
c:\users\brent\source\repos\program 3 - dijkstra's algorithm\debug\program 3 - dijkstra's algorithm.obj
c:\users\brent\source\repos\program 3 - dijkstra's algorithm\debug\graph.obj
c:\users\brent\source\repos\css 343\program 3 - dijkstra's algorithm\debug\vc142.pdb
c:\users\brent\source\repos\css 343\program 3 - dijkstra's algorithm\debug\vc142.idb
c:\users\brent\source\repos\css 343\program 3 - dijkstra's algorithm\debug\vertex.obj
c:\users\brent\source\repos\css 343\program 3 - dijkstra's algorithm\debug\program 3 - dijkstra's algorithm.obj
c:\users\brent\source\repos\css 343\program 3 - dijkstra's algorithm\debug\graph.obj
c:\users\brent\source\repos\program 3 - dijkstra's algorithm\debug\program 3 - dijkstra's algorithm.exe
c:\users\brent\source\repos\program 3 - dijkstra's algorithm\debug\program 3 - dijkstra's algorithm.ilk
c:\users\brent\source\repos\program 3 - dijkstra's algorithm\debug\program 3 - dijkstra's algorithm.pdb
c:\users\brent\source\repos\css 343\program 3 - dijkstra's algorithm\debug\program 3 - dijkstra's algorithm.exe
c:\users\brent\source\repos\css 343\program 3 - dijkstra's algorithm\debug\program 3 - dijkstra's algorithm.ilk
c:\users\brent\source\repos\css 343\program 3 - dijkstra's algorithm\debug\program 3 - dijkstra's algorithm.pdb
c:\users\brent\source\repos\css 343\program 3 - dijkstra's algorithm\debug\graph.obj.enc
c:\users\brent\source\repos\css 343\program 3 - dijkstra's algorithm\debug\program .960fa848.tlog\cl.command.1.tlog
c:\users\brent\source\repos\css 343\program 3 - dijkstra's algorithm\debug\program .960fa848.tlog\cl.read.1.tlog
c:\users\brent\source\repos\css 343\program 3 - dijkstra's algorithm\debug\program .960fa848.tlog\cl.write.1.tlog
c:\users\brent\source\repos\css 343\program 3 - dijkstra's algorithm\debug\program .960fa848.tlog\link.command.1.tlog
c:\users\brent\source\repos\css 343\program 3 - dijkstra's algorithm\debug\program .960fa848.tlog\link.read.1.tlog
c:\users\brent\source\repos\css 343\program 3 - dijkstra's algorithm\debug\program .960fa848.tlog\link.write.1.tlog
